<?xml version="1.0" encoding="UTF-8" ?>
<testsuite tests="2" failures="0" name="runnerpack.RunnerTest" time="37.437" errors="1" skipped="0">
  <properties>
[...]
</properties>
  <testcase classname="Customers" name="Adding a New Customer" time="23.95"/>
  <testcase classname="Login" name="Verify login functionality" time="13.487">
    <error message="element click intercepted: Element &lt;a href=&quot;/logout&quot;&gt;...&lt;/a&gt; is not clickable at point (1178, 25). Other element would receive the click: &lt;div id=&quot;ajaxBusy&quot; style=&quot;display: block;&quot;&gt;...&lt;/div&gt;
  (Session info: chrome=75.0.3770.142)
Build info: version: &apos;4.0.0-alpha-2&apos;, revision: &apos;f148142cf8&apos;, time: &apos;2019-07-01T20:55:26&apos;
System info: host: &apos;Krishnas-MacBook-Pro.local&apos;, ip: &apos;fe80:0:0:0:4b8:ade5:da88:7727%en0&apos;, os.name: &apos;Mac OS X&apos;, os.arch: &apos;x86_64&apos;, os.version: &apos;10.13.6&apos;, java.version: &apos;1.8.0_161&apos;
Driver info: org.openqa.selenium.chrome.ChromeDriver
Capabilities {acceptInsecureCerts: false, browserName: chrome, browserVersion: 75.0.3770.142, chrome: {chromedriverVersion: 75.0.3770.140 (2d9f97485c7b..., userDataDir: /var/folders/qv/31jvty150mq...}, goog:chromeOptions: {debuggerAddress: localhost:56800}, javascriptEnabled: true, networkConnectionEnabled: false, pageLoadStrategy: normal, platform: MAC, platformName: MAC, proxy: Proxy(), setWindowRect: true, strictFileInteractability: false, timeouts: {implicit: 0, pageLoad: 300000, script: 30000}, unhandledPromptBehavior: dismiss and notify}
Session ID: 8afa3c56123e7d81f9b0eea5b82b8fa2" type="org.openqa.selenium.ElementClickInterceptedException">org.openqa.selenium.ElementClickInterceptedException: element click intercepted: Element &lt;a href=&quot;/logout&quot;&gt;...&lt;/a&gt; is not clickable at point (1178, 25). Other element would receive the click: &lt;div id=&quot;ajaxBusy&quot; style=&quot;display: block;&quot;&gt;...&lt;/div&gt;
  (Session info: chrome=75.0.3770.142)
Build info: version: &apos;4.0.0-alpha-2&apos;, revision: &apos;f148142cf8&apos;, time: &apos;2019-07-01T20:55:26&apos;
System info: host: &apos;Krishnas-MacBook-Pro.local&apos;, ip: &apos;fe80:0:0:0:4b8:ade5:da88:7727%en0&apos;, os.name: &apos;Mac OS X&apos;, os.arch: &apos;x86_64&apos;, os.version: &apos;10.13.6&apos;, java.version: &apos;1.8.0_161&apos;
Driver info: org.openqa.selenium.chrome.ChromeDriver
Capabilities {acceptInsecureCerts: false, browserName: chrome, browserVersion: 75.0.3770.142, chrome: {chromedriverVersion: 75.0.3770.140 (2d9f97485c7b..., userDataDir: /var/folders/qv/31jvty150mq...}, goog:chromeOptions: {debuggerAddress: localhost:56800}, javascriptEnabled: true, networkConnectionEnabled: false, pageLoadStrategy: normal, platform: MAC, platformName: MAC, proxy: Proxy(), setWindowRect: true, strictFileInteractability: false, timeouts: {implicit: 0, pageLoad: 300000, script: 30000}, unhandledPromptBehavior: dismiss and notify}
Session ID: 8afa3c56123e7d81f9b0eea5b82b8fa2
	at sun.reflect.NativeConstructorAccessorImpl.newInstance0(Native Method)
	at sun.reflect.NativeConstructorAccessorImpl.newInstance(NativeConstructorAccessorImpl.java:62)
	at sun.reflect.DelegatingConstructorAccessorImpl.newInstance(DelegatingConstructorAccessorImpl.java:45)
	at java.lang.reflect.Constructor.newInstance(Constructor.java:423)
	at org.openqa.selenium.remote.codec.w3c.W3CHttpResponseCodec.createException(W3CHttpResponseCodec.java:191)
	at org.openqa.selenium.remote.codec.w3c.W3CHttpResponseCodec.decode(W3CHttpResponseCodec.java:125)
	at org.openqa.selenium.remote.codec.w3c.W3CHttpResponseCodec.decode(W3CHttpResponseCodec.java:52)
	at org.openqa.selenium.remote.HttpCommandExecutor.execute(HttpCommandExecutor.java:161)
	at org.openqa.selenium.remote.service.DriverCommandExecutor.execute(DriverCommandExecutor.java:83)
	at org.openqa.selenium.remote.RemoteWebDriver.execute(RemoteWebDriver.java:576)
	at org.openqa.selenium.remote.RemoteWebElement.execute(RemoteWebElement.java:308)
	at org.openqa.selenium.remote.RemoteWebElement.click(RemoteWebElement.java:83)
	at sun.reflect.NativeMethodAccessorImpl.invoke0(Native Method)
	at sun.reflect.NativeMethodAccessorImpl.invoke(NativeMethodAccessorImpl.java:62)
	at sun.reflect.DelegatingMethodAccessorImpl.invoke(DelegatingMethodAccessorImpl.java:43)
	at java.lang.reflect.Method.invoke(Method.java:498)
	at org.openqa.selenium.support.pagefactory.internal.LocatingElementHandler.invoke(LocatingElementHandler.java:52)
	at com.sun.proxy.$Proxy18.click(Unknown Source)
	at pages.LoginPage.clickLogout(LoginPage.java:51)
	at stepdefinitions.LoginSteps.logout_of_the_application(LoginSteps.java:37)
	at ✽.logout of the application(file:src/main/resources/features/login.feature:10)
</error>
    <system-out>
Feature: Login

  Background:                                   &amp;#27;[90m# src/main/resources/features/login.feature:3&amp;#27;[0m
Verify login functionality
    &amp;#27;[32mWhen &amp;#27;[0m&amp;#27;[32muser enter email in email textbox&amp;#27;[0m      &amp;#27;[90m# LoginSteps.user_enter_email_in_email_textbox()&amp;#27;[0m
    &amp;#27;[32mAnd &amp;#27;[0m&amp;#27;[32muser enter password in password textbox&amp;#27;[0m &amp;#27;[90m# LoginSteps.user_enter_password_in_password_textbox()&amp;#27;[0m
    &amp;#27;[32mAnd &amp;#27;[0m&amp;#27;[32muser clicks login button&amp;#27;[0m                &amp;#27;[90m# LoginSteps.user_clicks_login_button()&amp;#27;[0m

  Scenario: Verify login functionality &amp;#27;[90m# src/main/resources/features/login.feature:8&amp;#27;[0m
    &amp;#27;[32mThen &amp;#27;[0m&amp;#27;[32mverify the dashboard page&amp;#27;[0m     &amp;#27;[90m# LoginSteps.verify_the_dashboard_page()&amp;#27;[0m
    &amp;#27;[31mAnd &amp;#27;[0m&amp;#27;[31mlogout of the application&amp;#27;[0m      &amp;#27;[90m# LoginSteps.logout_of_the_application()&amp;#27;[0m
      &amp;#27;[31morg.openqa.selenium.ElementClickInterceptedException: element click intercepted: Element &lt;a href=&quot;/logout&quot;&gt;...&lt;/a&gt; is not clickable at point (1178, 25). Other element would receive the click: &lt;div id=&quot;ajaxBusy&quot; style=&quot;display: block;&quot;&gt;...&lt;/div&gt;
  (Session info: chrome=75.0.3770.142)
Build info: version: &apos;4.0.0-alpha-2&apos;, revision: &apos;f148142cf8&apos;, time: &apos;2019-07-01T20:55:26&apos;
System info: host: &apos;Krishnas-MacBook-Pro.local&apos;, ip: &apos;fe80:0:0:0:4b8:ade5:da88:7727%en0&apos;, os.name: &apos;Mac OS X&apos;, os.arch: &apos;x86_64&apos;, os.version: &apos;10.13.6&apos;, java.version: &apos;1.8.0_161&apos;
Driver info: org.openqa.selenium.chrome.ChromeDriver
Capabilities {acceptInsecureCerts: false, browserName: chrome, browserVersion: 75.0.3770.142, chrome: {chromedriverVersion: 75.0.3770.140 (2d9f97485c7b..., userDataDir: /var/folders/qv/31jvty150mq...}, goog:chromeOptions: {debuggerAddress: localhost:56800}, javascriptEnabled: true, networkConnectionEnabled: false, pageLoadStrategy: normal, platform: MAC, platformName: MAC, proxy: Proxy(), setWindowRect: true, strictFileInteractability: false, timeouts: {implicit: 0, pageLoad: 300000, script: 30000}, unhandledPromptBehavior: dismiss and notify}
Session ID: 8afa3c56123e7d81f9b0eea5b82b8fa2
	at sun.reflect.NativeConstructorAccessorImpl.newInstance0(Native Method)
	at sun.reflect.NativeConstructorAccessorImpl.newInstance(NativeConstructorAccessorImpl.java:62)
	at sun.reflect.DelegatingConstructorAccessorImpl.newInstance(DelegatingConstructorAccessorImpl.java:45)
	at java.lang.reflect.Constructor.newInstance(Constructor.java:423)
	at org.openqa.selenium.remote.codec.w3c.W3CHttpResponseCodec.createException(W3CHttpResponseCodec.java:191)
	at org.openqa.selenium.remote.codec.w3c.W3CHttpResponseCodec.decode(W3CHttpResponseCodec.java:125)
	at org.openqa.selenium.remote.codec.w3c.W3CHttpResponseCodec.decode(W3CHttpResponseCodec.java:52)
	at org.openqa.selenium.remote.HttpCommandExecutor.execute(HttpCommandExecutor.java:161)
	at org.openqa.selenium.remote.service.DriverCommandExecutor.execute(DriverCommandExecutor.java:83)
	at org.openqa.selenium.remote.RemoteWebDriver.execute(RemoteWebDriver.java:576)
	at org.openqa.selenium.remote.RemoteWebElement.execute(RemoteWebElement.java:308)
	at org.openqa.selenium.remote.RemoteWebElement.click(RemoteWebElement.java:83)
	at sun.reflect.NativeMethodAccessorImpl.invoke0(Native Method)
	at sun.reflect.NativeMethodAccessorImpl.invoke(NativeMethodAccessorImpl.java:62)
	at sun.reflect.DelegatingMethodAccessorImpl.invoke(DelegatingMethodAccessorImpl.java:43)
	at java.lang.reflect.Method.invoke(Method.java:498)
	at org.openqa.selenium.support.pagefactory.internal.LocatingElementHandler.invoke(LocatingElementHandler.java:52)
	at com.sun.proxy.$Proxy18.click(Unknown Source)
	at pages.LoginPage.clickLogout(LoginPage.java:51)
	at stepdefinitions.LoginSteps.logout_of_the_application(LoginSteps.java:37)
	at ✽.logout of the application(file:src/main/resources/features/login.feature:10)
&amp;#27;[0m
</system-out>
    <system-err>Starting ChromeDriver 75.0.3770.140 (2d9f97485c7b07dc18a74666574f19176731995c-refs/branch-heads/3770@{#1155}) on port 14273
Only local connections are allowed.
Please protect ports used by ChromeDriver and related test frameworks to prevent access by malicious code.
Aug 07, 2019 10:46:40 PM org.openqa.selenium.remote.ProtocolHandshake createSession
INFO: Detected dialect: W3C
</system-err>
  </testcase>
</testsuite>